13:16:37.440 INFO  - Processing command line option -hwspec C:/xup/embedded/labs/lab1/lab1.sdk/SDK/SDK_Export/hw/system.xml. 
13:23:13.086 INFO  - Processor reset is completed for ps7_cortexa9_0 
13:23:13.195 INFO  - PS initialization will be done as it is not done before. 
13:23:13.195 INFO  - Running PS initialization.... 
13:23:13.507 INFO  - ps7_init is completed. 
13:23:13.617 INFO  - PS Initialization is complete. 
13:25:51.725 ERROR - Unexpected error while parsing XMD response ?: com.google.gson.JsonSyntaxException: com.google.gson.stream.MalformedJsonException: invalid number or unquoted string near  
10:42:44.217 INFO  - Processing command line option -hwspec D:/xup/embedded/labss/finalproject1/finalproject1.sdk/SDK/SDK_Export/hw/system.xml. 
10:42:44.382 INFO  - The hardware specification for project 'hw_platform_0' is different from D:/xup/embedded/labss/finalproject1/finalproject1.sdk/SDK/SDK_Export/hw/system.xml. 
10:42:44.497 INFO  - Copied contents of D:/xup/embedded/labss/finalproject1/finalproject1.sdk/SDK/SDK_Export/hw/system.xml into \hw_platform_0\system.xml. 
10:42:44.543 INFO  - Copied contents of D:\xup\embedded\labss\finalproject1\finalproject1.sdk\SDK\SDK_Export\hw\system_wrapper.bit into \hw_platform_0\system.bit. 
10:42:44.701 INFO  - Copied contents of D:\xup\embedded\labss\finalproject1\finalproject1.sdk\SDK\SDK_Export\hw\ps7_init.c into \hw_platform_0\ps7_init.c. 
10:42:44.704 INFO  - Copied contents of D:\xup\embedded\labss\finalproject1\finalproject1.sdk\SDK\SDK_Export\hw\ps7_init.h into \hw_platform_0\ps7_init.h. 
10:42:44.711 INFO  - Copied contents of D:\xup\embedded\labss\finalproject1\finalproject1.sdk\SDK\SDK_Export\hw\ps7_init.html into \hw_platform_0\ps7_init.html. 
10:42:44.713 INFO  - Copied contents of D:\xup\embedded\labss\finalproject1\finalproject1.sdk\SDK\SDK_Export\hw\ps7_summary.html into \hw_platform_0\ps7_summary.html. 
10:42:44.715 INFO  - Copied contents of D:\xup\embedded\labss\finalproject1\finalproject1.sdk\SDK\SDK_Export\hw\ps7_init.tcl into \hw_platform_0\ps7_init.tcl. 
10:42:45.074 INFO  - Synchronizing projects in the workspace with the hardware platform specification changes. 
10:42:51.829 INFO  - Updating MSS for Board Support Package Project: mem_test_bsp.
		 The following new driver assignments were made:
			Peripheral Instance: btn_4bit, driver: gpio_v3_01_a.
			Peripheral Instance: led_4bit, driver: gpio_v3_01_a.
 
10:42:52.659 INFO  - Updating hardware inferred compiler options for mem_test. 
10:42:52.664 INFO  - Clearing existing target manager status. 
10:42:59.048 INFO  - Closing and re-opening the MSS file of ther project mem_test_bsp 
10:43:01.734 INFO  - Workspace synchronized with the new hardware specification file. Cleaning dependent projects... 
10:49:12.412 INFO  - FPGA configured successfully with bitstream "D:/xup/embedded/labss/finalproject1/finalproject1.sdk/SDK/SDK_Export/hw_platform_0/system.bit" 
10:49:33.807 INFO  - Processor reset is completed for ps7_cortexa9_0 
10:49:33.908 INFO  - PS initialization will be done as it is not done before. 
10:49:33.909 INFO  - Running PS initialization.... 
10:49:34.231 INFO  - ps7_init is completed. 
10:49:34.331 INFO  - ps7_post_config is completed. 
10:49:34.432 INFO  - PS Initialization is complete. 
10:50:58.250 ERROR - Unexpected error while parsing XMD response ?: com.google.gson.JsonSyntaxException: com.google.gson.stream.MalformedJsonException: invalid number or unquoted string near  
10:51:44.139 INFO  - Processing command line option -hwspec D:/xup/embedded/labss/finalproject1/finalproject1.sdk/SDK/SDK_Export/hw/system.xml. 
10:51:45.405 INFO  - The hardware specification for project 'hw_platform_0' is different from D:/xup/embedded/labss/finalproject1/finalproject1.sdk/SDK/SDK_Export/hw/system.xml. 
10:51:45.420 INFO  - Copied contents of D:/xup/embedded/labss/finalproject1/finalproject1.sdk/SDK/SDK_Export/hw/system.xml into \hw_platform_0\system.xml. 
10:51:45.438 INFO  - Copied contents of D:\xup\embedded\labss\finalproject1\finalproject1.sdk\SDK\SDK_Export\hw\system_wrapper.bit into \hw_platform_0\system_wrapper.bit. 
10:51:46.207 INFO  - Copied contents of D:\xup\embedded\labss\finalproject1\finalproject1.sdk\SDK\SDK_Export\hw\ps7_init.c into \hw_platform_0\ps7_init.c. 
10:51:46.209 INFO  - Copied contents of D:\xup\embedded\labss\finalproject1\finalproject1.sdk\SDK\SDK_Export\hw\ps7_init.h into \hw_platform_0\ps7_init.h. 
10:51:46.216 INFO  - Copied contents of D:\xup\embedded\labss\finalproject1\finalproject1.sdk\SDK\SDK_Export\hw\ps7_init.html into \hw_platform_0\ps7_init.html. 
10:51:46.218 INFO  - Copied contents of D:\xup\embedded\labss\finalproject1\finalproject1.sdk\SDK\SDK_Export\hw\ps7_summary.html into \hw_platform_0\ps7_summary.html. 
10:51:46.221 INFO  - Copied contents of D:\xup\embedded\labss\finalproject1\finalproject1.sdk\SDK\SDK_Export\hw\ps7_init.tcl into \hw_platform_0\ps7_init.tcl. 
10:51:46.818 INFO  - Synchronizing projects in the workspace with the hardware platform specification changes. 
10:52:18.265 INFO  - Updating hardware inferred compiler options for TestApp. 
10:52:18.276 INFO  - Clearing existing target manager status. 
10:52:19.586 ERROR - Unexpected error while obtaining referenced S/W project {} org.eclipse.core.internal.resources.ResourceException: Resource '/mem_test' is not open.
	at org.eclipse.core.internal.resources.Project.checkAccessible(Project.java:150)
	at org.eclipse.core.internal.resources.Project.getReferencedProjects(Project.java:521)

10:52:19.586 ERROR - Unexpected error while obtaining referenced S/W project {} org.eclipse.core.internal.resources.ResourceException: Resource '/mem_test_bsp' is not open.
	at org.eclipse.core.internal.resources.Project.checkAccessible(Project.java:150)
	at org.eclipse.core.internal.resources.Project.getReferencedProjects(Project.java:521)

10:55:14.944 INFO  - FPGA configured successfully with bitstream "D:/xup/embedded/labss/finalproject1/finalproject1.sdk/SDK/SDK_Export/hw_platform_0/system.bit" 
10:55:22.892 INFO  - Processor reset is completed for ps7_cortexa9_0 
10:55:22.992 INFO  - PS initialization will be done as it is not done before. 
10:55:22.992 INFO  - Running PS initialization.... 
10:55:23.383 INFO  - ps7_init is completed. 
10:55:23.483 INFO  - ps7_post_config is completed. 
10:55:23.583 INFO  - PS Initialization is complete. 
10:56:21.010 ERROR - Unexpected error while parsing XMD response ?: com.google.gson.JsonSyntaxException: com.google.gson.stream.MalformedJsonException: invalid number or unquoted string near  
10:57:12.361 INFO  - Processing command line option -hwspec D:/xup/embedded/labss/finalproject1/finalproject1.sdk/SDK/SDK_Export/hw/system.xml. 
10:57:13.668 INFO  - The hardware specification for project 'hw_platform_0' is different from D:/xup/embedded/labss/finalproject1/finalproject1.sdk/SDK/SDK_Export/hw/system.xml. 
10:57:13.675 INFO  - Copied contents of D:/xup/embedded/labss/finalproject1/finalproject1.sdk/SDK/SDK_Export/hw/system.xml into \hw_platform_0\system.xml. 
10:57:13.691 INFO  - Copied contents of D:\xup\embedded\labss\finalproject1\finalproject1.sdk\SDK\SDK_Export\hw\system_wrapper.bit into \hw_platform_0\system_wrapper.bit. 
10:57:14.394 INFO  - Copied contents of D:\xup\embedded\labss\finalproject1\finalproject1.sdk\SDK\SDK_Export\hw\ps7_init.c into \hw_platform_0\ps7_init.c. 
10:57:14.394 INFO  - Copied contents of D:\xup\embedded\labss\finalproject1\finalproject1.sdk\SDK\SDK_Export\hw\ps7_init.h into \hw_platform_0\ps7_init.h. 
10:57:14.394 INFO  - Copied contents of D:\xup\embedded\labss\finalproject1\finalproject1.sdk\SDK\SDK_Export\hw\ps7_init.html into \hw_platform_0\ps7_init.html. 
10:57:14.394 INFO  - Copied contents of D:\xup\embedded\labss\finalproject1\finalproject1.sdk\SDK\SDK_Export\hw\ps7_summary.html into \hw_platform_0\ps7_summary.html. 
10:57:14.410 INFO  - Copied contents of D:\xup\embedded\labss\finalproject1\finalproject1.sdk\SDK\SDK_Export\hw\ps7_init.tcl into \hw_platform_0\ps7_init.tcl. 
10:57:15.071 INFO  - Synchronizing projects in the workspace with the hardware platform specification changes. 
10:57:17.016 INFO  - Updating hardware inferred compiler options for TestApp. 
10:57:17.027 INFO  - Clearing existing target manager status. 
10:57:19.822 ERROR - Unexpected error while obtaining referenced S/W project {} org.eclipse.core.internal.resources.ResourceException: Resource '/mem_test' is not open.
	at org.eclipse.core.internal.resources.Project.checkAccessible(Project.java:150)
	at org.eclipse.core.internal.resources.Project.getReferencedProjects(Project.java:521)

10:57:19.823 ERROR - Unexpected error while obtaining referenced S/W project {} org.eclipse.core.internal.resources.ResourceException: Resource '/mem_test_bsp' is not open.
	at org.eclipse.core.internal.resources.Project.checkAccessible(Project.java:150)
	at org.eclipse.core.internal.resources.Project.getReferencedProjects(Project.java:521)

10:57:41.535 INFO  - FPGA configured successfully with bitstream "D:/xup/embedded/labss/finalproject1/finalproject1.sdk/SDK/SDK_Export/hw_platform_0/system.bit" 
10:57:56.203 INFO  - Processor reset is completed for ps7_cortexa9_0 
10:57:56.310 INFO  - PS initialization will be done as it is not done before. 
10:57:56.310 INFO  - Running PS initialization.... 
10:57:56.749 INFO  - ps7_init is completed. 
10:57:56.853 INFO  - ps7_post_config is completed. 
10:57:56.967 INFO  - PS Initialization is complete. 
11:02:13.016 INFO  - Processor reset is completed for ps7_cortexa9_0 
11:03:10.970 ERROR - Unexpected error while parsing XMD response ?: com.google.gson.JsonSyntaxException: com.google.gson.stream.MalformedJsonException: invalid number or unquoted string near  
11:07:34.685 INFO  - Processing command line option -hwspec D:/xup/embedded/labss/finalproject1/finalproject1.sdk/SDK/SDK_Export/hw/system.xml. 
11:07:35.899 INFO  - The hardware specification for project 'hw_platform_0' is different from D:/xup/embedded/labss/finalproject1/finalproject1.sdk/SDK/SDK_Export/hw/system.xml. 
11:07:35.917 INFO  - Copied contents of D:/xup/embedded/labss/finalproject1/finalproject1.sdk/SDK/SDK_Export/hw/system.xml into \hw_platform_0\system.xml. 
11:07:35.933 INFO  - Copied contents of D:\xup\embedded\labss\finalproject1\finalproject1.sdk\SDK\SDK_Export\hw\system_wrapper.bit into \hw_platform_0\system_wrapper.bit. 
11:08:06.772 INFO  - Copied contents of D:\xup\embedded\labss\finalproject1\finalproject1.sdk\SDK\SDK_Export\hw\ps7_init.c into \hw_platform_0\ps7_init.c. 
11:08:06.776 INFO  - Copied contents of D:\xup\embedded\labss\finalproject1\finalproject1.sdk\SDK\SDK_Export\hw\ps7_init.h into \hw_platform_0\ps7_init.h. 
11:08:06.779 INFO  - Copied contents of D:\xup\embedded\labss\finalproject1\finalproject1.sdk\SDK\SDK_Export\hw\ps7_init.html into \hw_platform_0\ps7_init.html. 
11:08:06.779 INFO  - Copied contents of D:\xup\embedded\labss\finalproject1\finalproject1.sdk\SDK\SDK_Export\hw\ps7_summary.html into \hw_platform_0\ps7_summary.html. 
11:08:06.779 INFO  - Copied contents of D:\xup\embedded\labss\finalproject1\finalproject1.sdk\SDK\SDK_Export\hw\ps7_init.tcl into \hw_platform_0\ps7_init.tcl. 
11:08:07.583 INFO  - Synchronizing projects in the workspace with the hardware platform specification changes. 
11:08:09.942 INFO  - Updating hardware inferred compiler options for TestApp. 
11:08:09.946 INFO  - Clearing existing target manager status. 
11:08:11.212 ERROR - Unexpected error while obtaining referenced S/W project {} org.eclipse.core.internal.resources.ResourceException: Resource '/mem_test' is not open.
	at org.eclipse.core.internal.resources.Project.checkAccessible(Project.java:150)
	at org.eclipse.core.internal.resources.Project.getReferencedProjects(Project.java:521)

11:08:11.213 ERROR - Unexpected error while obtaining referenced S/W project {} org.eclipse.core.internal.resources.ResourceException: Resource '/mem_test_bsp' is not open.
	at org.eclipse.core.internal.resources.Project.checkAccessible(Project.java:150)
	at org.eclipse.core.internal.resources.Project.getReferencedProjects(Project.java:521)

11:08:41.643 INFO  - FPGA configured successfully with bitstream "D:/xup/embedded/labss/finalproject1/finalproject1.sdk/SDK/SDK_Export/hw_platform_0/system.bit" 
11:08:55.227 INFO  - Processor reset is completed for ps7_cortexa9_0 
11:08:55.231 INFO  - PS initialization will be done as it is not done before. 
11:08:55.232 INFO  - Running PS initialization.... 
11:08:55.632 INFO  - ps7_init is completed. 
11:08:55.732 INFO  - ps7_post_config is completed. 
11:08:55.832 INFO  - PS Initialization is complete. 
11:11:51.821 ERROR - Unexpected error while parsing XMD response ?: com.google.gson.JsonSyntaxException: com.google.gson.stream.MalformedJsonException: invalid number or unquoted string near  
15:20:08.696 INFO  - Processing command line option -hwspec D:/xup/embedded/labss/finalproject1/finalproject1.sdk/SDK/SDK_Export/hw/system.xml. 
15:20:10.922 INFO  - The hardware specification for project 'hw_platform_0' is different from D:/xup/embedded/labss/finalproject1/finalproject1.sdk/SDK/SDK_Export/hw/system.xml. 
15:20:11.019 INFO  - Copied contents of D:/xup/embedded/labss/finalproject1/finalproject1.sdk/SDK/SDK_Export/hw/system.xml into \hw_platform_0\system.xml. 
15:20:11.028 INFO  - Copied contents of D:\xup\embedded\labss\finalproject1\finalproject1.sdk\SDK\SDK_Export\hw\system_wrapper.bit into \hw_platform_0\system_wrapper.bit. 
15:20:51.730 INFO  - Copied contents of D:\xup\embedded\labss\finalproject1\finalproject1.sdk\SDK\SDK_Export\hw\ps7_init.c into \hw_platform_0\ps7_init.c. 
15:20:51.731 INFO  - Copied contents of D:\xup\embedded\labss\finalproject1\finalproject1.sdk\SDK\SDK_Export\hw\ps7_init.h into \hw_platform_0\ps7_init.h. 
15:20:51.736 INFO  - Copied contents of D:\xup\embedded\labss\finalproject1\finalproject1.sdk\SDK\SDK_Export\hw\ps7_init.html into \hw_platform_0\ps7_init.html. 
15:20:51.736 INFO  - Copied contents of D:\xup\embedded\labss\finalproject1\finalproject1.sdk\SDK\SDK_Export\hw\ps7_summary.html into \hw_platform_0\ps7_summary.html. 
15:20:51.736 INFO  - Copied contents of D:\xup\embedded\labss\finalproject1\finalproject1.sdk\SDK\SDK_Export\hw\ps7_init.tcl into \hw_platform_0\ps7_init.tcl. 
15:20:52.347 INFO  - Synchronizing projects in the workspace with the hardware platform specification changes. 
15:21:26.461 INFO  - Updating hardware inferred compiler options for TestApp. 
15:21:26.480 INFO  - Clearing existing target manager status. 
15:21:29.451 ERROR - Unexpected error while obtaining referenced S/W project {} org.eclipse.core.internal.resources.ResourceException: Resource '/mem_test' is not open.
	at org.eclipse.core.internal.resources.Project.checkAccessible(Project.java:150)
	at org.eclipse.core.internal.resources.Project.getReferencedProjects(Project.java:521)

15:21:29.452 ERROR - Unexpected error while obtaining referenced S/W project {} org.eclipse.core.internal.resources.ResourceException: Resource '/mem_test_bsp' is not open.
	at org.eclipse.core.internal.resources.Project.checkAccessible(Project.java:150)
	at org.eclipse.core.internal.resources.Project.getReferencedProjects(Project.java:521)

15:21:49.527 ERROR - Unexpected error while parsing XMD response ?: com.google.gson.JsonSyntaxException: com.google.gson.stream.MalformedJsonException: invalid number or unquoted string near  
